D:\Repositorio\gestaoprodutos\GPApp\GPApp.Web\client\dist\out-tsc\src\app\shared\componentes\foto-upload\foto-upload-model.js
D:\Repositorio\gestaoprodutos\GPApp\GPApp.Web\client\dist\out-tsc\src\app\shared\componentes\foto-upload\foto-upload-model.js.map
D:\Repositorio\gestaoprodutos\GPApp\GPApp.Web\client\dist\out-tsc\src\app\shared\helpers\imagem.service.js
D:\Repositorio\gestaoprodutos\GPApp\GPApp.Web\client\dist\out-tsc\src\app\shared\helpers\imagem.service.js.map
D:\Repositorio\gestaoprodutos\GPApp\GPApp.Web\client\dist\out-tsc\src\app\shared\componentes\foto-upload\foto-upload.component.js
D:\Repositorio\gestaoprodutos\GPApp\GPApp.Web\client\dist\out-tsc\src\app\shared\componentes\foto-upload\foto-upload.component.js.map
D:\Repositorio\gestaoprodutos\GPApp\GPApp.Web\client\dist\out-tsc\src\app\shared\componentes\foto-upload\foto-upload.module.js
D:\Repositorio\gestaoprodutos\GPApp\GPApp.Web\client\dist\out-tsc\src\app\shared\componentes\foto-upload\foto-upload.module.js.map
D:\Repositorio\gestaoprodutos\GPApp\GPApp.Web\client\dist\out-tsc\src\app\produtos\produto-model.js
D:\Repositorio\gestaoprodutos\GPApp\GPApp.Web\client\dist\out-tsc\src\app\produtos\produto-model.js.map
D:\Repositorio\gestaoprodutos\GPApp\GPApp.Web\client\dist\out-tsc\src\app\produtos\produto.service.js
D:\Repositorio\gestaoprodutos\GPApp\GPApp.Web\client\dist\out-tsc\src\app\produtos\produto.service.js.map
D:\Repositorio\gestaoprodutos\GPApp\GPApp.Web\client\dist\out-tsc\src\app\shared\model\erro.js
D:\Repositorio\gestaoprodutos\GPApp\GPApp.Web\client\dist\out-tsc\src\app\shared\model\erro.js.map
D:\Repositorio\gestaoprodutos\GPApp\GPApp.Web\client\dist\out-tsc\src\app\shared\helpers\guid.helper.js
D:\Repositorio\gestaoprodutos\GPApp\GPApp.Web\client\dist\out-tsc\src\app\shared\helpers\guid.helper.js.map
D:\Repositorio\gestaoprodutos\GPApp\GPApp.Web\client\dist\out-tsc\src\app\shared\helpers\date.helper.js
D:\Repositorio\gestaoprodutos\GPApp\GPApp.Web\client\dist\out-tsc\src\app\shared\helpers\date.helper.js.map
D:\Repositorio\gestaoprodutos\GPApp\GPApp.Web\client\dist\out-tsc\src\app\produtos\produto-business.js
D:\Repositorio\gestaoprodutos\GPApp\GPApp.Web\client\dist\out-tsc\src\app\produtos\produto-business.js.map
D:\Repositorio\gestaoprodutos\GPApp\GPApp.Web\client\dist\out-tsc\src\app\produtos\produto-store.service.js
D:\Repositorio\gestaoprodutos\GPApp\GPApp.Web\client\dist\out-tsc\src\app\produtos\produto-store.service.js.map
D:\Repositorio\gestaoprodutos\GPApp\GPApp.Web\client\dist\out-tsc\src\app\produtos\produto-edit\produto-edit.component.js
D:\Repositorio\gestaoprodutos\GPApp\GPApp.Web\client\dist\out-tsc\src\app\produtos\produto-edit\produto-edit.component.js.map
D:\Repositorio\gestaoprodutos\GPApp\GPApp.Web\client\dist\out-tsc\src\app\produtos\produtos\produtos.component.js
D:\Repositorio\gestaoprodutos\GPApp\GPApp.Web\client\dist\out-tsc\src\app\produtos\produtos\produtos.component.js.map
D:\Repositorio\gestaoprodutos\GPApp\GPApp.Web\client\dist\out-tsc\src\app\produtos\produtos.module.js
D:\Repositorio\gestaoprodutos\GPApp\GPApp.Web\client\dist\out-tsc\src\app\produtos\produtos.module.js.map
D:\Repositorio\gestaoprodutos\GPApp\GPApp.Web\client\dist\out-tsc\src\app\app-routing.module.js
D:\Repositorio\gestaoprodutos\GPApp\GPApp.Web\client\dist\out-tsc\src\app\app-routing.module.js.map
D:\Repositorio\gestaoprodutos\GPApp\GPApp.Web\client\dist\out-tsc\src\app\app.component.js
D:\Repositorio\gestaoprodutos\GPApp\GPApp.Web\client\dist\out-tsc\src\app\app.component.js.map
D:\Repositorio\gestaoprodutos\GPApp\GPApp.Web\client\dist\out-tsc\src\app\app.module.js
D:\Repositorio\gestaoprodutos\GPApp\GPApp.Web\client\dist\out-tsc\src\app\app.module.js.map
D:\Repositorio\gestaoprodutos\GPApp\GPApp.Web\client\dist\out-tsc\src\environments\environment.js
D:\Repositorio\gestaoprodutos\GPApp\GPApp.Web\client\dist\out-tsc\src\environments\environment.js.map
D:\Repositorio\gestaoprodutos\GPApp\GPApp.Web\client\dist\out-tsc\src\main.js
D:\Repositorio\gestaoprodutos\GPApp\GPApp.Web\client\dist\out-tsc\src\main.js.map
D:\Repositorio\gestaoprodutos\GPApp\GPApp.Web\client\dist\out-tsc\src\polyfills.js
D:\Repositorio\gestaoprodutos\GPApp\GPApp.Web\client\dist\out-tsc\src\polyfills.js.map
D:\Repositorio\gestaoprodutos\GPApp\GPApp.Web\client\dist\out-tsc\src\test.js
D:\Repositorio\gestaoprodutos\GPApp\GPApp.Web\client\dist\out-tsc\src\test.js.map
D:\Repositorio\gestaoprodutos\GPApp\GPApp.Web\client\dist\out-tsc\e2e\src\app.po.js
D:\Repositorio\gestaoprodutos\GPApp\GPApp.Web\client\dist\out-tsc\e2e\src\app.po.js.map
D:\Repositorio\gestaoprodutos\GPApp\GPApp.Web\client\dist\out-tsc\e2e\src\app.e2e-spec.js
D:\Repositorio\gestaoprodutos\GPApp\GPApp.Web\client\dist\out-tsc\e2e\src\app.e2e-spec.js.map
D:\Repositorio\gestaoprodutos\GPApp\GPApp.Web\client\dist\out-tsc\src\app\app.component.spec.js
D:\Repositorio\gestaoprodutos\GPApp\GPApp.Web\client\dist\out-tsc\src\app\app.component.spec.js.map
D:\Repositorio\gestaoprodutos\GPApp\GPApp.Web\client\dist\out-tsc\src\environments\environment.prod.js
D:\Repositorio\gestaoprodutos\GPApp\GPApp.Web\client\dist\out-tsc\src\environments\environment.prod.js.map
D:\Repositorio\gestaoprodutos\GPApp\GPApp.Web\client\dist\out-tsc\src\app\produtos\produto-edit\produto-edit.component.spec.js
D:\Repositorio\gestaoprodutos\GPApp\GPApp.Web\client\dist\out-tsc\src\app\produtos\produto-edit\produto-edit.component.spec.js.map
D:\Repositorio\gestaoprodutos\GPApp\GPApp.Web\client\dist\out-tsc\src\app\produtos\produtos\produtos.component.spec.js
D:\Repositorio\gestaoprodutos\GPApp\GPApp.Web\client\dist\out-tsc\src\app\produtos\produtos\produtos.component.spec.js.map
D:\Repositorio\gestaoprodutos\GPApp\GPApp.Web\client\dist\out-tsc\src\app\shared\componentes\foto-upload\foto-upload.component.spec.js
D:\Repositorio\gestaoprodutos\GPApp\GPApp.Web\client\dist\out-tsc\src\app\shared\componentes\foto-upload\foto-upload.component.spec.js.map
